<?xml version="1.0" encoding="UTF-8"?>
<!-- Generated by org.testng.reporters.JUnitReportReporter -->
<testsuite hostname="Vailexa-Lavanya" failures="0" tests="1" name="com.TestCases.LoginPageTest" time="14.314" errors="0" timestamp="2023-12-04T14:20:35 IST" skipped="0">
  <testcase classname="com.TestCases.LoginPageTest" name="loginpage_Title_Test" time="14.314"/>
  <system-out/>
</testsuite> <!-- com.TestCases.LoginPageTest -->
