<?xml version="1.0" encoding="UTF-8"?>
<!-- Generated by org.testng.reporters.JUnitReportReporter -->
<testsuite hostname="Vailexa-Lavanya" failures="0" tests="1" name="com.TestCases.CompaniesPageTest" time="42.050" errors="0" timestamp="2023-06-28T12:38:03 IST" skipped="0">
  <testcase classname="com.TestCases.CompaniesPageTest" name="validating_CompaniesPage_SearchOption_Test" time="42.050"/>
  <system-out/>
</testsuite> <!-- com.TestCases.CompaniesPageTest -->
