<?xml version="1.0" encoding="UTF-8"?>
<!-- Generated by org.testng.reporters.JUnitReportReporter -->
<testsuite hostname="Vailexa-Lavanya" failures="0" tests="1" name="com.TestCases.AdminMyDetailsEmploymentHistoryPageTest" time="45.718" errors="0" timestamp="2023-12-05T17:23:39 IST" skipped="0">
  <testcase classname="com.TestCases.AdminMyDetailsEmploymentHistoryPageTest" name="myDetails_EmploymentHistory_AddEmploymenthistoryPopUp_AllFieldsDataWithCancelButton_Validation_Test" time="45.718"/>
  <system-out/>
</testsuite> <!-- com.TestCases.AdminMyDetailsEmploymentHistoryPageTest -->
